[debug] [2023-01-22T12:37:32.212Z] ----------------------------------------------------------------------
[debug] [2023-01-22T12:37:32.215Z] Command:       C:\Program Files\nodejs\node.exe C:\Users\HP\AppData\Roaming\npm\node_modules\firebase-tools\lib\bin\firebase.js init
[debug] [2023-01-22T12:37:32.216Z] CLI Version:   11.21.0
[debug] [2023-01-22T12:37:32.216Z] Platform:      win32
[debug] [2023-01-22T12:37:32.216Z] Node Version:  v19.3.0
[debug] [2023-01-22T12:37:32.217Z] Time:          Sun Jan 22 2023 13:37:32 GMT+0100 (West Africa Standard Time)
[debug] [2023-01-22T12:37:32.217Z] ----------------------------------------------------------------------
[debug] 
[debug] [2023-01-22T12:37:32.227Z] > command requires scopes: ["email","openid","https://www.googleapis.com/auth/cloudplatformprojects.readonly","https://www.googleapis.com/auth/firebase","https://www.googleapis.com/auth/cloud-platform"]
[debug] [2023-01-22T12:37:32.228Z] > authorizing via signed-in user (vickydavinci2@gmail.com)
[info] 
     ######## #### ########  ######## ########     ###     ######  ########
     ##        ##  ##     ## ##       ##     ##  ##   ##  ##       ##
     ######    ##  ########  ######   ########  #########  ######  ######
     ##        ##  ##    ##  ##       ##     ## ##     ##       ## ##
     ##       #### ##     ## ######## ########  ##     ##  ######  ########

You're about to initialize a Firebase project in this directory:

  C:\Users\HP\Desktop\ReactJs\lesson12

[info] 
=== Project Setup
[info] 
[info] First, let's associate this project directory with a Firebase project.
[info] You can create multiple project aliases by running firebase use --add, 
[info] but for now we'll just set up a default project.
[info] 
[debug] [2023-01-22T12:37:42.501Z] >>> [apiv2][query] GET https://firebase.googleapis.com/v1beta1/projects pageSize=100
[debug] [2023-01-22T12:37:43.903Z] <<< [apiv2][status] GET https://firebase.googleapis.com/v1beta1/projects 200
[debug] [2023-01-22T12:37:43.904Z] <<< [apiv2][body] GET https://firebase.googleapis.com/v1beta1/projects [omitted]
[info] i  Using project react-course-39ad4 (React-Course) 
[info] 
=== Hosting Setup
[info] 
[info] Your public directory is the folder (relative to your project directory) that
[info] will contain Hosting assets to be uploaded with firebase deploy. If you
[info] have a build process for your assets, use your build's output directory.
[info] 
[info] +  Wrote public/404.html 
[debug] [2023-01-22T12:39:21.794Z] >>> [apiv2][query] GET https://www.gstatic.com/firebasejs/releases.json [none]
[debug] [2023-01-22T12:39:22.104Z] <<< [apiv2][status] GET https://www.gstatic.com/firebasejs/releases.json 200
[debug] [2023-01-22T12:39:22.104Z] <<< [apiv2][body] GET https://www.gstatic.com/firebasejs/releases.json {"current":{"version":"9.16.0","browserURL":"https://www.gstatic.com/firebasejs/9.16.0/firebase.js","packageURL":"https://www.gstatic.com/firebasejs/9.16.0/firebase.tgz"},"live":{"version":"9.16","browserURL":"https://www.gstatic.com/firebasejs/live/9.16/firebase.js","packageURL":"https://www.gstatic.com/firebasejs/live/9.16/firebase.tgz"},"components":{"analytics":"https://www.gstatic.com/firebasejs/9.16.0/firebase-analytics.js","app":"https://www.gstatic.com/firebasejs/9.16.0/firebase-app.js","app-check":"https://www.gstatic.com/firebasejs/9.16.0/firebase-app-check.js","auth":"https://www.gstatic.com/firebasejs/9.16.0/firebase-auth.js","auth/cordova":"https://www.gstatic.com/firebasejs/9.16.0/firebase-auth/cordova.js","auth/react-native":"https://www.gstatic.com/firebasejs/9.16.0/firebase-auth/react-native.js","functions":"https://www.gstatic.com/firebasejs/9.16.0/firebase-functions.js","firestore":"https://www.gstatic.com/firebasejs/9.16.0/firebase-firestore.js","firestore/lite":"https://www.gstatic.com/firebasejs/9.16.0/firebase-firestore/lite.js","installations":"https://www.gstatic.com/firebasejs/9.16.0/firebase-installations.js","storage":"https://www.gstatic.com/firebasejs/9.16.0/firebase-storage.js","performance":"https://www.gstatic.com/firebasejs/9.16.0/firebase-performance.js","remote-config":"https://www.gstatic.com/firebasejs/9.16.0/firebase-remote-config.js","messaging":"https://www.gstatic.com/firebasejs/9.16.0/firebase-messaging.js","messaging/sw":"https://www.gstatic.com/firebasejs/9.16.0/firebase-messaging/sw.js","database":"https://www.gstatic.com/firebasejs/9.16.0/firebase-database.js","firestore.memory":"https://www.gstatic.com/firebasejs/9.16.0/firebase-firestore.memory.js"}}
[info] i  Skipping write of public/index.html 
[info] 
[info] i  Detected a .git folder at C:\Users\HP\Desktop\ReactJs\lesson12 
[info] i  Authorizing with GitHub to upload your service account to a GitHub repository's secrets store. 
[info] 
[info] Visit this URL on this device to log in:
[info] https://github.com/login/oauth/authorize?client_id=89cf50f02ac6aaed3484&state=619620365&redirect_uri=http%3A%2F%2Flocalhost%3A9005&scope=read%3Auser%20repo%20public_repo
[info] 
[info] Waiting for authentication...
[debug] [2023-01-22T12:39:56.651Z] >>> [apiv2][query] POST https://github.com/login/oauth/access_token [none]
[debug] [2023-01-22T12:39:56.651Z] >>> [apiv2][body] POST https://github.com/login/oauth/access_token [stream]
[debug] [2023-01-22T12:39:58.028Z] <<< [apiv2][status] POST https://github.com/login/oauth/access_token 200
[debug] [2023-01-22T12:39:58.029Z] <<< [apiv2][body] POST https://github.com/login/oauth/access_token {"access_token":"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","token_type":"bearer","scope":"read:user,repo"}
[debug] [2023-01-22T12:39:58.060Z] >>> [apiv2][query] GET https://api.github.com/user [none]
[debug] [2023-01-22T12:39:59.727Z] <<< [apiv2][status] GET https://api.github.com/user 200
[debug] [2023-01-22T12:39:59.728Z] <<< [apiv2][body] GET https://api.github.com/user {"login":"Davinci321","id":119786680,"node_id":"U_kgDOByPMuA","avatar_url":"https://avatars.githubusercontent.com/u/119786680?v=4","gravatar_id":"","url":"https://api.github.com/users/Davinci321","html_url":"https://github.com/Davinci321","followers_url":"https://api.github.com/users/Davinci321/followers","following_url":"https://api.github.com/users/Davinci321/following{/other_user}","gists_url":"https://api.github.com/users/Davinci321/gists{/gist_id}","starred_url":"https://api.github.com/users/Davinci321/starred{/owner}{/repo}","subscriptions_url":"https://api.github.com/users/Davinci321/subscriptions","organizations_url":"https://api.github.com/users/Davinci321/orgs","repos_url":"https://api.github.com/users/Davinci321/repos","events_url":"https://api.github.com/users/Davinci321/events{/privacy}","received_events_url":"https://api.github.com/users/Davinci321/received_events","type":"User","site_admin":false,"name":"Nwite Victor Ugochukwu","company":null,"blog":"","location":"nsukka, Nigeria","email":null,"hireable":null,"bio":"An aspiring software engineer ready to learn and understand the world of IT.","twitter_username":"DavinciVicky","public_repos":1,"public_gists":0,"followers":0,"following":0,"created_at":"2022-12-04T10:05:30Z","updated_at":"2023-01-22T12:39:50Z","private_gists":0,"total_private_repos":0,"owned_private_repos":0,"disk_usage":255,"collaborators":0,"two_factor_authentication":false,"plan":{"name":"free","space":976562499,"collaborators":0,"private_repos":10000}}
[info] 
[info] +  Success! Logged into GitHub as Davinci321 
[info] 
